<?xml version="1.0" encoding="UTF-8"?>
<!-- #%L Wildfly Camel %% Copyright (C) 2013 - 2015 RedHat %% Licensed under 
	the Apache License, Version 2.0 (the "License"); you may not use this file 
	except in compliance with the License. You may obtain a copy of the License 
	at http://www.apache.org/licenses/LICENSE-2.0 Unless required by applicable 
	law or agreed to in writing, software distributed under the License is distributed 
	on an "AS IS" BASIS, WITHOUT WARRANTIES OR CONDITIONS OF ANY KIND, either 
	express or implied. See the License for the specific language governing permissions 
	and limitations under the License. #L% -->
<beans xmlns="http://www.springframework.org/schema/beans"
    xmlns:camel="http://camel.apache.org/schema/spring"
    xmlns:jdbc="http://www.springframework.org/schema/jdbc"
    xmlns:jee="http://www.springframework.org/schema/jee"
    xmlns:xsi="http://www.w3.org/2001/XMLSchema-instance" xsi:schemaLocation="     http://www.springframework.org/schema/beans http://www.springframework.org/schema/beans/spring-beans-3.0.xsd             http://camel.apache.org/schema/spring http://camel.apache.org/schema/spring/camel-spring.xsd      http://www.springframework.org/schema/jee http://www.springframework.org/schema/jee/spring-jee.xsd     http://www.springframework.org/schema/jdbc http://www.springframework.org/schema/jdbc/spring-jdbc.xsd">
    <jee:jndi-lookup id="myCamelDS" jndi-name="java:jboss/datasources/ExampleDS"/>
    <jdbc:initialize-database data-source="myCamelDS">
        <jdbc:script location="classpath:db-init.sql"/>
    </jdbc:initialize-database>
    <camelContext id="spring-context" xmlns="http://camel.apache.org/schema/spring">
        <restConfiguration bindingMode="auto" component="undertow" port="8080"/>
        <rest id="rest-63b69966-4c66-4bdc-9e7c-7144b7189b54" path="/say">
            <get id="get-68b5125b-ba62-481f-a321-3c57e50c73c2" uri="/default" produces="text/plain">
                <to uri="direct:default"/>
            </get>
            <get id="get-f7844add-4e63-4ba1-a76a-e72cc40536f1" uri="/db/{dbno}" produces="text/plain">
                <to uri="direct:database"/>
            </get>
        </rest>
        <route id="_route1">
            <from id="_from1" uri="direct:default"/>
            <setBody id="_setBody1">
                <constant>Hello World</constant>
            </setBody>
        </route>
        <route id="_route2">
            <from id="_from2" uri="direct:database"/>
            <to id="_to1" uri="sql:select returnname from nametable where nameno=:#${header.dbno}?dataSource=myCamelDS"/>
            <log id="_log1" message="${body}"/>
            <setBody id="_setBody2">
                <simple>Hello ${body[0][RETURNNAME]} </simple>
            </setBody>
        </route>
    </camelContext>
</beans>
